#-----------------------------------------------------------
# Vivado v2023.2 (64-bit)
# SW Build 4029153 on Fri Oct 13 20:14:34 MDT 2023
# IP Build 4028589 on Sat Oct 14 00:45:43 MDT 2023
# SharedData Build 4025554 on Tue Oct 10 17:18:54 MDT 2023
# Start of session at: Mon Jul 22 23:40:51 2024
# Process ID: 16172
# Current directory: C:/Users/danie/Documents/GitHub/FPGA_UDEC_MCF/FPGA/FPGA2_measurement
# Command line: vivado.exe -gui_launcher_event rodinguilauncherevent12284 C:\Users\danie\Documents\GitHub\FPGA_UDEC_MCF\FPGA\FPGA2_measurement\nexysA7_driver_PM.xpr
# Log file: C:/Users/danie/Documents/GitHub/FPGA_UDEC_MCF/FPGA/FPGA2_measurement/vivado.log
# Journal file: C:/Users/danie/Documents/GitHub/FPGA_UDEC_MCF/FPGA/FPGA2_measurement\vivado.jou
# Running On: donaufeld, OS: Windows, CPU Frequency: 2611 MHz, CPU Physical cores: 10, Host memory: 34016 MB
#-----------------------------------------------------------
start_gui
open_project C:/Users/danie/Documents/GitHub/FPGA_UDEC_MCF/FPGA/FPGA2_measurement/nexysA7_driver_PM.xpr
WARNING: [Board 49-26] cannot add Board Part xilinx.com:vck190:part0:2.2 available at C:/Xilinx/Vivado/2023.2/data/xhub/boards/XilinxBoardStore/boards/Xilinx/vck190/production/2.2/board.xml as part xcvc1902-vsva2197-2mp-e-s specified in board_part file is either invalid or not available
WARNING: [Board 49-26] cannot add Board Part xilinx.com:vck190:part0:3.0 available at C:/Xilinx/Vivado/2023.2/data/xhub/boards/XilinxBoardStore/boards/Xilinx/vck190/production/3.0/board.xml as part xcvc1902-vsva2197-2mp-e-s specified in board_part file is either invalid or not available
WARNING: [Board 49-26] cannot add Board Part xilinx.com:vck190:part0:3.1 available at C:/Xilinx/Vivado/2023.2/data/xhub/boards/XilinxBoardStore/boards/Xilinx/vck190/production/3.1/board.xml as part xcvc1902-vsva2197-2mp-e-s specified in board_part file is either invalid or not available
WARNING: [Board 49-26] cannot add Board Part xilinx.com:vck190:part0:3.2 available at C:/Xilinx/Vivado/2023.2/data/xhub/boards/XilinxBoardStore/boards/Xilinx/vck190/production/3.2/board.xml as part xcvc1902-vsva2197-2mp-e-s specified in board_part file is either invalid or not available
WARNING: [Board 49-26] cannot add Board Part xilinx.com:vck190_newl:part0:1.0 available at C:/Xilinx/Vivado/2023.2/data/xhub/boards/XilinxBoardStore/boards/Xilinx/vck190_newl/production/1.0/board.xml as part xcvc1902-vsva2197-2mp-e-s specified in board_part file is either invalid or not available
WARNING: [Board 49-26] cannot add Board Part xilinx.com:vck190_newl:part0:1.1 available at C:/Xilinx/Vivado/2023.2/data/xhub/boards/XilinxBoardStore/boards/Xilinx/vck190_newl/production/1.1/board.xml as part xcvc1902-vsva2197-2mp-e-s specified in board_part file is either invalid or not available
WARNING: [Board 49-26] cannot add Board Part xilinx.com:vek280:part0:1.0 available at C:/Xilinx/Vivado/2023.2/data/xhub/boards/XilinxBoardStore/boards/Xilinx/vek280/production/1.0/board.xml as part xcve2802-vsvh1760-2mp-e-s specified in board_part file is either invalid or not available
WARNING: [Board 49-26] cannot add Board Part xilinx.com:vek280_es:part0:1.0 available at C:/Xilinx/Vivado/2023.2/data/xhub/boards/XilinxBoardStore/boards/Xilinx/vek280/es/rev_a/1.0/board.xml as part xcve2802-vsvh1760-2lp-e-s-es1 specified in board_part file is either invalid or not available
WARNING: [Board 49-26] cannot add Board Part xilinx.com:vek280_es:part0:1.1 available at C:/Xilinx/Vivado/2023.2/data/xhub/boards/XilinxBoardStore/boards/Xilinx/vek280/es/rev_a/1.1/board.xml as part xcve2802-vsvh1760-2lp-e-s-es1 specified in board_part file is either invalid or not available
WARNING: [Board 49-26] cannot add Board Part xilinx.com:vek280_es_revb:part0:1.0 available at C:/Xilinx/Vivado/2023.2/data/xhub/boards/XilinxBoardStore/boards/Xilinx/vek280/es/rev_b/1.0/board.xml as part xcve2802-vsvh1760-2mp-e-s-es1 specified in board_part file is either invalid or not available
WARNING: [Board 49-26] cannot add Board Part xilinx.com:vek280_es_revb:part0:1.1 available at C:/Xilinx/Vivado/2023.2/data/xhub/boards/XilinxBoardStore/boards/Xilinx/vek280/es/rev_b/1.1/board.xml as part xcve2802-vsvh1760-2mp-e-s-es1 specified in board_part file is either invalid or not available
WARNING: [Board 49-26] cannot add Board Part xilinx.com:vhk158:part0:1.0 available at C:/Xilinx/Vivado/2023.2/data/xhub/boards/XilinxBoardStore/boards/Xilinx/vhk158/production/1.0/board.xml as part xcvh1582-vsva3697-2mp-e-s specified in board_part file is either invalid or not available
WARNING: [Board 49-26] cannot add Board Part xilinx.com:vhk158:part0:1.1 available at C:/Xilinx/Vivado/2023.2/data/xhub/boards/XilinxBoardStore/boards/Xilinx/vhk158/production/1.1/board.xml as part xcvh1582-vsva3697-2mp-e-s specified in board_part file is either invalid or not available
WARNING: [Board 49-26] cannot add Board Part xilinx.com:vhk158_es:part0:1.0 available at C:/Xilinx/Vivado/2023.2/data/xhub/boards/XilinxBoardStore/boards/Xilinx/vhk158/es/1.0/board.xml as part xcvh1582-vsva3697-2mp-e-s-es1 specified in board_part file is either invalid or not available
WARNING: [Board 49-26] cannot add Board Part xilinx.com:vhk158_es:part0:1.1 available at C:/Xilinx/Vivado/2023.2/data/xhub/boards/XilinxBoardStore/boards/Xilinx/vhk158/es/1.1/board.xml as part xcvh1582-vsva3697-2mp-e-s-es1 specified in board_part file is either invalid or not available
WARNING: [Board 49-26] cannot add Board Part xilinx.com:vmk180:part0:2.2 available at C:/Xilinx/Vivado/2023.2/data/xhub/boards/XilinxBoardStore/boards/Xilinx/vmk180/production/2.2/board.xml as part xcvm1802-vsva2197-2mp-e-s specified in board_part file is either invalid or not available
WARNING: [Board 49-26] cannot add Board Part xilinx.com:vmk180:part0:3.0 available at C:/Xilinx/Vivado/2023.2/data/xhub/boards/XilinxBoardStore/boards/Xilinx/vmk180/production/3.0/board.xml as part xcvm1802-vsva2197-2mp-e-s specified in board_part file is either invalid or not available
WARNING: [Board 49-26] cannot add Board Part xilinx.com:vmk180:part0:3.1 available at C:/Xilinx/Vivado/2023.2/data/xhub/boards/XilinxBoardStore/boards/Xilinx/vmk180/production/3.1/board.xml as part xcvm1802-vsva2197-2mp-e-s specified in board_part file is either invalid or not available
WARNING: [Board 49-26] cannot add Board Part xilinx.com:vmk180:part0:3.2 available at C:/Xilinx/Vivado/2023.2/data/xhub/boards/XilinxBoardStore/boards/Xilinx/vmk180/production/3.2/board.xml as part xcvm1802-vsva2197-2mp-e-s specified in board_part file is either invalid or not available
WARNING: [Board 49-26] cannot add Board Part xilinx.com:vmk180_newl:part0:1.0 available at C:/Xilinx/Vivado/2023.2/data/xhub/boards/XilinxBoardStore/boards/Xilinx/vmk180_newl/production/1.0/board.xml as part xcvm1802-vsva2197-2mp-e-s specified in board_part file is either invalid or not available
WARNING: [Board 49-26] cannot add Board Part xilinx.com:vmk180_newl:part0:1.1 available at C:/Xilinx/Vivado/2023.2/data/xhub/boards/XilinxBoardStore/boards/Xilinx/vmk180_newl/production/1.1/board.xml as part xcvm1802-vsva2197-2mp-e-s specified in board_part file is either invalid or not available
WARNING: [Board 49-26] cannot add Board Part xilinx.com:vpk120:part0:1.0 available at C:/Xilinx/Vivado/2023.2/data/xhub/boards/XilinxBoardStore/boards/Xilinx/vpk120/production/1.0/board.xml as part xcvp1202-vsva2785-2mp-e-s specified in board_part file is either invalid or not available
WARNING: [Board 49-26] cannot add Board Part xilinx.com:vpk120:part0:1.1 available at C:/Xilinx/Vivado/2023.2/data/xhub/boards/XilinxBoardStore/boards/Xilinx/vpk120/production/1.1/board.xml as part xcvp1202-vsva2785-2mp-e-s specified in board_part file is either invalid or not available
WARNING: [Board 49-26] cannot add Board Part xilinx.com:vpk120:part0:1.2 available at C:/Xilinx/Vivado/2023.2/data/xhub/boards/XilinxBoardStore/boards/Xilinx/vpk120/production/1.2/board.xml as part xcvp1202-vsva2785-2mp-e-s specified in board_part file is either invalid or not available
WARNING: [Board 49-26] cannot add Board Part xilinx.com:vpk180:part0:1.0 available at C:/Xilinx/Vivado/2023.2/data/xhub/boards/XilinxBoardStore/boards/Xilinx/vpk180/production/1.0/board.xml as part xcvp1802-lsvc4072-2mp-e-s specified in board_part file is either invalid or not available
WARNING: [Board 49-26] cannot add Board Part xilinx.com:vpk180:part0:1.1 available at C:/Xilinx/Vivado/2023.2/data/xhub/boards/XilinxBoardStore/boards/Xilinx/vpk180/production/1.1/board.xml as part xcvp1802-lsvc4072-2mp-e-s specified in board_part file is either invalid or not available
WARNING: [Board 49-26] cannot add Board Part xilinx.com:zcu208ld:part0:2.0 available at C:/Xilinx/Vivado/2023.2/data/xhub/boards/XilinxBoardStore/boards/Xilinx/zcu208ld/production/2.0/board.xml as part xczu58dr-fsvg1517-2-i specified in board_part file is either invalid or not available
WARNING: [Board 49-26] cannot add Board Part xilinx.com:zcu216ld:part0:2.0 available at C:/Xilinx/Vivado/2023.2/data/xhub/boards/XilinxBoardStore/boards/Xilinx/zcu216ld/production/2.0/board.xml as part xczu59dr-ffvf1760-2-i specified in board_part file is either invalid or not available
WARNING: [Board 49-26] cannot add Board Part xilinx.com:zcu670:part0:2.0 available at C:/Xilinx/Vivado/2023.2/data/xhub/boards/XilinxBoardStore/boards/Xilinx/zcu670/2.0/board.xml as part xczu67dr-fsve1156-2-i specified in board_part file is either invalid or not available
WARNING: [Board 49-26] cannot add Board Part xilinx.com:zcu670ld:part0:1.0 available at C:/Xilinx/Vivado/2023.2/data/xhub/boards/XilinxBoardStore/boards/Xilinx/zcu670ld/1.0/board.xml as part xczu57dr-fsve1156-2-i specified in board_part file is either invalid or not available
INFO: [Project 1-313] Project file moved from 'C:/Users/danie/Dropbox/physics/UdeC/experimento decoy/FPGA/FPGA2_measurement/nexysA7_driver_PM' since last save.
Scanning sources...
Finished scanning sources
INFO: [IP_Flow 19-234] Refreshing IP repositories
INFO: [IP_Flow 19-1704] No user IP repositories specified
INFO: [IP_Flow 19-2313] Loaded Vivado IP repository 'C:/Xilinx/Vivado/2023.2/data/ip'.
open_project: Time (s): cpu = 00:00:08 ; elapsed = 00:00:10 . Memory (MB): peak = 1530.227 ; gain = 300.121
update_compile_order -fileset sources_1
export_ip_user_files -of_objects  [get_files C:/Users/danie/Documents/GitHub/FPGA_UDEC_MCF/FPGA/FPGA2_measurement/nexysA7_driver_PM.srcs/sources_1/imports/new/UART_FIFO_RX_control.v] -no_script -reset -force -quiet
remove_files  C:/Users/danie/Documents/GitHub/FPGA_UDEC_MCF/FPGA/FPGA2_measurement/nexysA7_driver_PM.srcs/sources_1/imports/new/UART_FIFO_RX_control.v
export_ip_user_files -of_objects  [get_files C:/Users/danie/Documents/GitHub/FPGA_UDEC_MCF/FPGA/FPGA2_measurement/nexysA7_driver_PM.srcs/sources_1/imports/new/UART_FIFO_TX_control.v] -no_script -reset -force -quiet
remove_files  C:/Users/danie/Documents/GitHub/FPGA_UDEC_MCF/FPGA/FPGA2_measurement/nexysA7_driver_PM.srcs/sources_1/imports/new/UART_FIFO_TX_control.v
file delete -force C:/Users/danie/Documents/GitHub/FPGA_UDEC_MCF/FPGA/FPGA2_measurement/nexysA7_driver_PM.srcs/sources_1/imports/new/UART_FIFO_TX_control.v
export_ip_user_files -of_objects  [get_files C:/Users/danie/Documents/GitHub/FPGA_UDEC_MCF/FPGA/FPGA2_measurement/nexysA7_driver_PM.srcs/sources_1/imports/new/pulse_control.v] -no_script -reset -force -quiet
remove_files  C:/Users/danie/Documents/GitHub/FPGA_UDEC_MCF/FPGA/FPGA2_measurement/nexysA7_driver_PM.srcs/sources_1/imports/new/pulse_control.v
file delete -force C:/Users/danie/Documents/GitHub/FPGA_UDEC_MCF/FPGA/FPGA2_measurement/nexysA7_driver_PM.srcs/sources_1/imports/new/pulse_control.v
export_ip_user_files -of_objects  [get_files C:/Users/danie/Documents/GitHub/FPGA_UDEC_MCF/FPGA/FPGA2_measurement/nexysA7_driver_PM.srcs/sources_1/imports/new/simula_APD.v] -no_script -reset -force -quiet
remove_files  C:/Users/danie/Documents/GitHub/FPGA_UDEC_MCF/FPGA/FPGA2_measurement/nexysA7_driver_PM.srcs/sources_1/imports/new/simula_APD.v
file delete -force C:/Users/danie/Documents/GitHub/FPGA_UDEC_MCF/FPGA/FPGA2_measurement/nexysA7_driver_PM.srcs/sources_1/imports/new/simula_APD.v
export_ip_user_files -of_objects  [get_files C:/Users/danie/Documents/GitHub/FPGA_UDEC_MCF/FPGA/FPGA2_measurement/nexysA7_driver_PM.srcs/sources_1/imports/new/1MHz_signal.v] -no_script -reset -force -quiet
remove_files  C:/Users/danie/Documents/GitHub/FPGA_UDEC_MCF/FPGA/FPGA2_measurement/nexysA7_driver_PM.srcs/sources_1/imports/new/1MHz_signal.v
file delete -force C:/Users/danie/Documents/GitHub/FPGA_UDEC_MCF/FPGA/FPGA2_measurement/nexysA7_driver_PM.srcs/sources_1/imports/new/1MHz_signal.v
export_ip_user_files -of_objects  [get_files C:/Users/danie/Documents/GitHub/FPGA_UDEC_MCF/FPGA/FPGA2_measurement/nexysA7_driver_PM.srcs/sources_1/imports/new/dataTx_serializer.v] -no_script -reset -force -quiet
remove_files  C:/Users/danie/Documents/GitHub/FPGA_UDEC_MCF/FPGA/FPGA2_measurement/nexysA7_driver_PM.srcs/sources_1/imports/new/dataTx_serializer.v
file delete -force C:/Users/danie/Documents/GitHub/FPGA_UDEC_MCF/FPGA/FPGA2_measurement/nexysA7_driver_PM.srcs/sources_1/imports/new/dataTx_serializer.v
export_ip_user_files -of_objects  [get_files C:/Users/danie/Documents/GitHub/FPGA_UDEC_MCF/FPGA/FPGA2_measurement/nexysA7_driver_PM.srcs/sources_1/imports/new/pmodDA2.v] -no_script -reset -force -quiet
remove_files  C:/Users/danie/Documents/GitHub/FPGA_UDEC_MCF/FPGA/FPGA2_measurement/nexysA7_driver_PM.srcs/sources_1/imports/new/pmodDA2.v
file delete -force C:/Users/danie/Documents/GitHub/FPGA_UDEC_MCF/FPGA/FPGA2_measurement/nexysA7_driver_PM.srcs/sources_1/imports/new/pmodDA2.v
export_ip_user_files -of_objects  [get_files C:/Users/danie/Documents/GitHub/FPGA_UDEC_MCF/FPGA/FPGA2_measurement/nexysA7_driver_PM.srcs/sources_1/imports/srcs/anti_bounces.v] -no_script -reset -force -quiet
remove_files  C:/Users/danie/Documents/GitHub/FPGA_UDEC_MCF/FPGA/FPGA2_measurement/nexysA7_driver_PM.srcs/sources_1/imports/srcs/anti_bounces.v
file delete -force C:/Users/danie/Documents/GitHub/FPGA_UDEC_MCF/FPGA/FPGA2_measurement/nexysA7_driver_PM.srcs/sources_1/imports/srcs/anti_bounces.v
update_compile_order -fileset sources_1
export_ip_user_files -of_objects  [get_files C:/Users/danie/Documents/GitHub/FPGA_UDEC_MCF/FPGA/FPGA2_measurement/nexysA7_driver_PM.srcs/sources_1/new/calibrateAmpV4.v] -no_script -reset -force -quiet
remove_files  C:/Users/danie/Documents/GitHub/FPGA_UDEC_MCF/FPGA/FPGA2_measurement/nexysA7_driver_PM.srcs/sources_1/new/calibrateAmpV4.v
file delete -force C:/Users/danie/Documents/GitHub/FPGA_UDEC_MCF/FPGA/FPGA2_measurement/nexysA7_driver_PM.srcs/sources_1/new/calibrateAmpV4.v
export_ip_user_files -of_objects  [get_files C:/Users/danie/Documents/GitHub/FPGA_UDEC_MCF/FPGA/FPGA2_measurement/nexysA7_driver_PM.srcs/sources_1/imports/new/pulse_gen.v] -no_script -reset -force -quiet
remove_files  C:/Users/danie/Documents/GitHub/FPGA_UDEC_MCF/FPGA/FPGA2_measurement/nexysA7_driver_PM.srcs/sources_1/imports/new/pulse_gen.v
file delete -force C:/Users/danie/Documents/GitHub/FPGA_UDEC_MCF/FPGA/FPGA2_measurement/nexysA7_driver_PM.srcs/sources_1/imports/new/pulse_gen.v
export_ip_user_files -of_objects  [get_files C:/Users/danie/Documents/GitHub/FPGA_UDEC_MCF/FPGA/FPGA2_measurement/nexysA7_driver_PM.srcs/sources_1/new/SimpleOneShot_ID220.v] -no_script -reset -force -quiet
remove_files  C:/Users/danie/Documents/GitHub/FPGA_UDEC_MCF/FPGA/FPGA2_measurement/nexysA7_driver_PM.srcs/sources_1/new/SimpleOneShot_ID220.v
file delete -force C:/Users/danie/Documents/GitHub/FPGA_UDEC_MCF/FPGA/FPGA2_measurement/nexysA7_driver_PM.srcs/sources_1/new/SimpleOneShot_ID220.v
export_ip_user_files -of_objects  [get_files C:/Users/danie/Documents/GitHub/FPGA_UDEC_MCF/FPGA/FPGA2_measurement/nexysA7_driver_PM.srcs/sources_1/new/PreProc_Cs_ID220.v] -no_script -reset -force -quiet
remove_files  C:/Users/danie/Documents/GitHub/FPGA_UDEC_MCF/FPGA/FPGA2_measurement/nexysA7_driver_PM.srcs/sources_1/new/PreProc_Cs_ID220.v
file delete -force C:/Users/danie/Documents/GitHub/FPGA_UDEC_MCF/FPGA/FPGA2_measurement/nexysA7_driver_PM.srcs/sources_1/new/PreProc_Cs_ID220.v
export_ip_user_files -of_objects  [get_files C:/Users/danie/Documents/GitHub/FPGA_UDEC_MCF/FPGA/FPGA2_measurement/nexysA7_driver_PM.srcs/sources_1/new/ID220.v] -no_script -reset -force -quiet
remove_files  C:/Users/danie/Documents/GitHub/FPGA_UDEC_MCF/FPGA/FPGA2_measurement/nexysA7_driver_PM.srcs/sources_1/new/ID220.v
file delete -force C:/Users/danie/Documents/GitHub/FPGA_UDEC_MCF/FPGA/FPGA2_measurement/nexysA7_driver_PM.srcs/sources_1/new/ID220.v
export_ip_user_files -of_objects  [get_files C:/Users/danie/Documents/GitHub/FPGA_UDEC_MCF/FPGA/FPGA2_measurement/nexysA7_driver_PM.srcs/sources_1/imports/new/counter_ADP.v] -no_script -reset -force -quiet
remove_files  C:/Users/danie/Documents/GitHub/FPGA_UDEC_MCF/FPGA/FPGA2_measurement/nexysA7_driver_PM.srcs/sources_1/imports/new/counter_ADP.v
file delete -force C:/Users/danie/Documents/GitHub/FPGA_UDEC_MCF/FPGA/FPGA2_measurement/nexysA7_driver_PM.srcs/sources_1/imports/new/counter_ADP.v
export_ip_user_files -of_objects  [get_files C:/Users/danie/Documents/GitHub/FPGA_UDEC_MCF/FPGA/FPGA2_measurement/nexysA7_driver_PM.srcs/sources_1/imports/new/SimpleOneShot.v] -no_script -reset -force -quiet
remove_files  C:/Users/danie/Documents/GitHub/FPGA_UDEC_MCF/FPGA/FPGA2_measurement/nexysA7_driver_PM.srcs/sources_1/imports/new/SimpleOneShot.v
file delete -force C:/Users/danie/Documents/GitHub/FPGA_UDEC_MCF/FPGA/FPGA2_measurement/nexysA7_driver_PM.srcs/sources_1/imports/new/SimpleOneShot.v
export_ip_user_files -of_objects  [get_files C:/Users/danie/Documents/GitHub/FPGA_UDEC_MCF/FPGA/FPGA2_measurement/nexysA7_driver_PM.srcs/sources_1/imports/new/PreProc_Cs.v] -no_script -reset -force -quiet
remove_files  C:/Users/danie/Documents/GitHub/FPGA_UDEC_MCF/FPGA/FPGA2_measurement/nexysA7_driver_PM.srcs/sources_1/imports/new/PreProc_Cs.v
file delete -force C:/Users/danie/Documents/GitHub/FPGA_UDEC_MCF/FPGA/FPGA2_measurement/nexysA7_driver_PM.srcs/sources_1/imports/new/PreProc_Cs.v
export_ip_user_files -of_objects  [get_files C:/Users/danie/Documents/GitHub/FPGA_UDEC_MCF/FPGA/FPGA2_measurement/nexysA7_driver_PM.srcs/sources_1/imports/new/AccCuentas.v] -no_script -reset -force -quiet
remove_files  C:/Users/danie/Documents/GitHub/FPGA_UDEC_MCF/FPGA/FPGA2_measurement/nexysA7_driver_PM.srcs/sources_1/imports/new/AccCuentas.v
file delete -force C:/Users/danie/Documents/GitHub/FPGA_UDEC_MCF/FPGA/FPGA2_measurement/nexysA7_driver_PM.srcs/sources_1/imports/new/AccCuentas.v
export_ip_user_files -of_objects  [get_files C:/Users/danie/Documents/GitHub/FPGA_UDEC_MCF/FPGA/FPGA2_measurement/nexysA7_driver_PM.srcs/sources_1/imports/srcs/control_parametros.v] -no_script -reset -force -quiet
remove_files  C:/Users/danie/Documents/GitHub/FPGA_UDEC_MCF/FPGA/FPGA2_measurement/nexysA7_driver_PM.srcs/sources_1/imports/srcs/control_parametros.v
file delete -force C:/Users/danie/Documents/GitHub/FPGA_UDEC_MCF/FPGA/FPGA2_measurement/nexysA7_driver_PM.srcs/sources_1/imports/srcs/control_parametros.v
export_ip_user_files -of_objects  [get_files C:/Users/danie/Documents/GitHub/FPGA_UDEC_MCF/FPGA/FPGA2_measurement/nexysA7_driver_PM.srcs/sources_1/imports/new/controlPhase_Trigger.v] -no_script -reset -force -quiet
remove_files  C:/Users/danie/Documents/GitHub/FPGA_UDEC_MCF/FPGA/FPGA2_measurement/nexysA7_driver_PM.srcs/sources_1/imports/new/controlPhase_Trigger.v
file delete -force C:/Users/danie/Documents/GitHub/FPGA_UDEC_MCF/FPGA/FPGA2_measurement/nexysA7_driver_PM.srcs/sources_1/imports/new/controlPhase_Trigger.v
export_ip_user_files -of_objects  [get_files C:/Users/danie/Documents/GitHub/FPGA_UDEC_MCF/FPGA/FPGA2_measurement/nexysA7_driver_PM.srcs/sources_1/imports/new/DAC_control.v] -no_script -reset -force -quiet
remove_files  C:/Users/danie/Documents/GitHub/FPGA_UDEC_MCF/FPGA/FPGA2_measurement/nexysA7_driver_PM.srcs/sources_1/imports/new/DAC_control.v
file delete -force C:/Users/danie/Documents/GitHub/FPGA_UDEC_MCF/FPGA/FPGA2_measurement/nexysA7_driver_PM.srcs/sources_1/imports/new/DAC_control.v
export_ip_user_files -of_objects  [get_files C:/Users/danie/Documents/GitHub/FPGA_UDEC_MCF/FPGA/FPGA2_measurement/nexysA7_driver_PM.srcs/sources_1/imports/srcs/tick_generator.v] -no_script -reset -force -quiet
remove_files  C:/Users/danie/Documents/GitHub/FPGA_UDEC_MCF/FPGA/FPGA2_measurement/nexysA7_driver_PM.srcs/sources_1/imports/srcs/tick_generator.v
file delete -force C:/Users/danie/Documents/GitHub/FPGA_UDEC_MCF/FPGA/FPGA2_measurement/nexysA7_driver_PM.srcs/sources_1/imports/srcs/tick_generator.v
export_ip_user_files -of_objects  [get_files C:/Users/danie/Documents/GitHub/FPGA_UDEC_MCF/FPGA/FPGA2_measurement/nexysA7_driver_PM.srcs/sources_1/imports/srcs/UART_Rx.v] -no_script -reset -force -quiet
remove_files  C:/Users/danie/Documents/GitHub/FPGA_UDEC_MCF/FPGA/FPGA2_measurement/nexysA7_driver_PM.srcs/sources_1/imports/srcs/UART_Rx.v
file delete -force C:/Users/danie/Documents/GitHub/FPGA_UDEC_MCF/FPGA/FPGA2_measurement/nexysA7_driver_PM.srcs/sources_1/imports/srcs/UART_Rx.v
export_ip_user_files -of_objects  [get_files C:/Users/danie/Documents/GitHub/FPGA_UDEC_MCF/FPGA/FPGA2_measurement/nexysA7_driver_PM.srcs/sources_1/imports/srcs/UART_Tx.v] -no_script -reset -force -quiet
remove_files  C:/Users/danie/Documents/GitHub/FPGA_UDEC_MCF/FPGA/FPGA2_measurement/nexysA7_driver_PM.srcs/sources_1/imports/srcs/UART_Tx.v
file delete -force C:/Users/danie/Documents/GitHub/FPGA_UDEC_MCF/FPGA/FPGA2_measurement/nexysA7_driver_PM.srcs/sources_1/imports/srcs/UART_Tx.v
export_ip_user_files -of_objects  [get_files C:/Users/danie/Documents/GitHub/FPGA_UDEC_MCF/FPGA/FPGA2_measurement/nexysA7_driver_PM.srcs/sources_1/imports/srcs/control_Tx.v] -no_script -reset -force -quiet
remove_files  C:/Users/danie/Documents/GitHub/FPGA_UDEC_MCF/FPGA/FPGA2_measurement/nexysA7_driver_PM.srcs/sources_1/imports/srcs/control_Tx.v
file delete -force C:/Users/danie/Documents/GitHub/FPGA_UDEC_MCF/FPGA/FPGA2_measurement/nexysA7_driver_PM.srcs/sources_1/imports/srcs/control_Tx.v
export_ip_user_files -of_objects  [get_files C:/Users/danie/Documents/GitHub/FPGA_UDEC_MCF/FPGA/FPGA2_measurement/nexysA7_driver_PM.srcs/sources_1/imports/srcs/modulo_Tx.v] -no_script -reset -force -quiet
remove_files  C:/Users/danie/Documents/GitHub/FPGA_UDEC_MCF/FPGA/FPGA2_measurement/nexysA7_driver_PM.srcs/sources_1/imports/srcs/modulo_Tx.v
file delete -force C:/Users/danie/Documents/GitHub/FPGA_UDEC_MCF/FPGA/FPGA2_measurement/nexysA7_driver_PM.srcs/sources_1/imports/srcs/modulo_Tx.v
export_ip_user_files -of_objects  [get_files C:/Users/danie/Documents/GitHub/FPGA_UDEC_MCF/FPGA/FPGA2_measurement/nexysA7_driver_PM.srcs/sources_1/imports/srcs/dcode16to8.v] -no_script -reset -force -quiet
remove_files  C:/Users/danie/Documents/GitHub/FPGA_UDEC_MCF/FPGA/FPGA2_measurement/nexysA7_driver_PM.srcs/sources_1/imports/srcs/dcode16to8.v
file delete -force C:/Users/danie/Documents/GitHub/FPGA_UDEC_MCF/FPGA/FPGA2_measurement/nexysA7_driver_PM.srcs/sources_1/imports/srcs/dcode16to8.v
export_ip_user_files -of_objects  [get_files C:/Users/danie/Documents/GitHub/FPGA_UDEC_MCF/FPGA/FPGA2_measurement/nexysA7_driver_PM.srcs/sources_1/imports/srcs/dcode32to8.v] -no_script -reset -force -quiet
remove_files  C:/Users/danie/Documents/GitHub/FPGA_UDEC_MCF/FPGA/FPGA2_measurement/nexysA7_driver_PM.srcs/sources_1/imports/srcs/dcode32to8.v
file delete -force C:/Users/danie/Documents/GitHub/FPGA_UDEC_MCF/FPGA/FPGA2_measurement/nexysA7_driver_PM.srcs/sources_1/imports/srcs/dcode32to8.v
export_ip_user_files -of_objects  [get_files C:/Users/danie/Documents/GitHub/FPGA_UDEC_MCF/FPGA/FPGA2_measurement/nexysA7_driver_PM.srcs/sources_1/new/UART_TX_control.v] -no_script -reset -force -quiet
remove_files  C:/Users/danie/Documents/GitHub/FPGA_UDEC_MCF/FPGA/FPGA2_measurement/nexysA7_driver_PM.srcs/sources_1/new/UART_TX_control.v
file delete -force C:/Users/danie/Documents/GitHub/FPGA_UDEC_MCF/FPGA/FPGA2_measurement/nexysA7_driver_PM.srcs/sources_1/new/UART_TX_control.v
export_ip_user_files -of_objects  [get_files C:/Users/danie/Documents/GitHub/FPGA_UDEC_MCF/FPGA/FPGA2_measurement/nexysA7_driver_PM.srcs/constrs_1/new/Nexys-A7-100T-Master.xdc] -no_script -reset -force -quiet
remove_files  -fileset constrs_1 C:/Users/danie/Documents/GitHub/FPGA_UDEC_MCF/FPGA/FPGA2_measurement/nexysA7_driver_PM.srcs/constrs_1/new/Nexys-A7-100T-Master.xdc
file delete -force C:/Users/danie/Documents/GitHub/FPGA_UDEC_MCF/FPGA/FPGA2_measurement/nexysA7_driver_PM.srcs/constrs_1/new/Nexys-A7-100T-Master.xdc
add_files {C:/Users/danie/Documents/GitHub/FPGA_UDEC_MCF/FPGA/srcs/anti_bounces.v C:/Users/danie/Documents/GitHub/FPGA_UDEC_MCF/FPGA/srcs/PreProc_Cs.v C:/Users/danie/Documents/GitHub/FPGA_UDEC_MCF/FPGA/srcs/trigger_ADP_with_delay.v C:/Users/danie/Documents/GitHub/FPGA_UDEC_MCF/FPGA/srcs/counter_ADP.v C:/Users/danie/Documents/GitHub/FPGA_UDEC_MCF/FPGA/srcs/OneShot.v C:/Users/danie/Documents/GitHub/FPGA_UDEC_MCF/FPGA/srcs/SimpleOneShot_ID220.v C:/Users/danie/Documents/GitHub/FPGA_UDEC_MCF/FPGA/srcs/controlPhase_Trigger.v C:/Users/danie/Documents/GitHub/FPGA_UDEC_MCF/FPGA/srcs/dcode16to8.v C:/Users/danie/Documents/GitHub/FPGA_UDEC_MCF/FPGA/srcs/ID220.v C:/Users/danie/Documents/GitHub/FPGA_UDEC_MCF/FPGA/srcs/pulse_gen.v C:/Users/danie/Documents/GitHub/FPGA_UDEC_MCF/FPGA/srcs/PreProc_Cs_ID220.v C:/Users/danie/Documents/GitHub/FPGA_UDEC_MCF/FPGA/srcs/control_parametros.v C:/Users/danie/Documents/GitHub/FPGA_UDEC_MCF/FPGA/srcs/AccCuentas.v C:/Users/danie/Documents/GitHub/FPGA_UDEC_MCF/FPGA/srcs/dcode32to8.v C:/Users/danie/Documents/GitHub/FPGA_UDEC_MCF/FPGA/srcs/UART_Tx.v C:/Users/danie/Documents/GitHub/FPGA_UDEC_MCF/FPGA/srcs/DAC_control.v C:/Users/danie/Documents/GitHub/FPGA_UDEC_MCF/FPGA/srcs/UART_Rx.v C:/Users/danie/Documents/GitHub/FPGA_UDEC_MCF/FPGA/srcs/control_Tx.v C:/Users/danie/Documents/GitHub/FPGA_UDEC_MCF/FPGA/srcs/top.v C:/Users/danie/Documents/GitHub/FPGA_UDEC_MCF/FPGA/srcs/modulo_Tx.v C:/Users/danie/Documents/GitHub/FPGA_UDEC_MCF/FPGA/srcs/calibrateAmpV4.v C:/Users/danie/Documents/GitHub/FPGA_UDEC_MCF/FPGA/srcs/UART_TX_control.v C:/Users/danie/Documents/GitHub/FPGA_UDEC_MCF/FPGA/srcs/counter_ADP_ID220.v C:/Users/danie/Documents/GitHub/FPGA_UDEC_MCF/FPGA/srcs/pmodDA2.v C:/Users/danie/Documents/GitHub/FPGA_UDEC_MCF/FPGA/srcs/tick_generator.v C:/Users/danie/Documents/GitHub/FPGA_UDEC_MCF/FPGA/srcs/SimpleOneShot.v}
update_compile_order -fileset sources_1
WARNING: [filemgmt 56-199] Attempt to get parsing info during refresh. "On-the-fly" syntax checking information may be incorrect. [C:\Users\danie\Documents\GitHub\FPGA_UDEC_MCF\FPGA\FPGA2_measurement\nexysA7_driver_PM.srcs\sources_1\imports\new\pmodDA2.v:]
WARNING: [filemgmt 56-199] Attempt to get parsing info during refresh. "On-the-fly" syntax checking information may be incorrect. [C:\Users\danie\Documents\GitHub\FPGA_UDEC_MCF\FPGA\FPGA2_measurement\nexysA7_driver_PM.srcs\sources_1\imports\srcs\modulo_Tx.v:]
WARNING: [filemgmt 56-199] Attempt to get parsing info during refresh. "On-the-fly" syntax checking information may be incorrect. [C:\Users\danie\Documents\GitHub\FPGA_UDEC_MCF\FPGA\FPGA2_measurement\nexysA7_driver_PM.srcs\sources_1\imports\new\PreProc_Cs.v:]
WARNING: [filemgmt 56-199] Attempt to get parsing info during refresh. "On-the-fly" syntax checking information may be incorrect. [C:\Users\danie\Documents\GitHub\FPGA_UDEC_MCF\FPGA\FPGA2_measurement\nexysA7_driver_PM.srcs\sources_1\new\SimpleOneShot_ID220.v:]
WARNING: [filemgmt 56-199] Attempt to get parsing info during refresh. "On-the-fly" syntax checking information may be incorrect. [C:\Users\danie\Documents\GitHub\FPGA_UDEC_MCF\FPGA\FPGA2_measurement\nexysA7_driver_PM.srcs\sources_1\imports\srcs\anti_bounces.v:]
WARNING: [filemgmt 56-199] Attempt to get parsing info during refresh. "On-the-fly" syntax checking information may be incorrect. [C:\Users\danie\Documents\GitHub\FPGA_UDEC_MCF\FPGA\FPGA2_measurement\nexysA7_driver_PM.srcs\sources_1\imports\new\DAC_control.v:]
WARNING: [filemgmt 56-199] Attempt to get parsing info during refresh. "On-the-fly" syntax checking information may be incorrect. [C:\Users\danie\Documents\GitHub\FPGA_UDEC_MCF\FPGA\FPGA2_measurement\nexysA7_driver_PM.srcs\sources_1\imports\new\SimpleOneShot.v:]
WARNING: [filemgmt 56-199] Attempt to get parsing info during refresh. "On-the-fly" syntax checking information may be incorrect. [C:\Users\danie\Documents\GitHub\FPGA_UDEC_MCF\FPGA\srcs\trigger_ADP_with_delay.v:]
WARNING: [filemgmt 56-199] Attempt to get parsing info during refresh. "On-the-fly" syntax checking information may be incorrect. [C:\Users\danie\Documents\GitHub\FPGA_UDEC_MCF\FPGA\FPGA2_measurement\nexysA7_driver_PM.srcs\sources_1\imports\new\AccCuentas.v:]
WARNING: [filemgmt 56-199] Attempt to get parsing info during refresh. "On-the-fly" syntax checking information may be incorrect. [C:\Users\danie\Documents\GitHub\FPGA_UDEC_MCF\FPGA\FPGA2_measurement\nexysA7_driver_PM.srcs\sources_1\imports\srcs\UART_Tx.v:]
WARNING: [filemgmt 56-199] Attempt to get parsing info during refresh. "On-the-fly" syntax checking information may be incorrect. [C:\Users\danie\Documents\GitHub\FPGA_UDEC_MCF\FPGA\FPGA2_measurement\nexysA7_driver_PM.srcs\sources_1\new\calibrateAmpV4.v:]
WARNING: [filemgmt 56-199] Attempt to get parsing info during refresh. "On-the-fly" syntax checking information may be incorrect. [C:\Users\danie\Documents\GitHub\FPGA_UDEC_MCF\FPGA\FPGA2_measurement\nexysA7_driver_PM.srcs\sources_1\imports\new\counter_ADP.v:]
WARNING: [filemgmt 56-199] Attempt to get parsing info during refresh. "On-the-fly" syntax checking information may be incorrect. [C:\Users\danie\Documents\GitHub\FPGA_UDEC_MCF\FPGA\FPGA2_measurement\nexysA7_driver_PM.srcs\sources_1\imports\srcs\UART_Rx.v:]
WARNING: [filemgmt 56-199] Attempt to get parsing info during refresh. "On-the-fly" syntax checking information may be incorrect. [C:\Users\danie\Documents\GitHub\FPGA_UDEC_MCF\FPGA\FPGA2_measurement\nexysA7_driver_PM.srcs\sources_1\new\UART_TX_control.v:]
WARNING: [filemgmt 56-199] Attempt to get parsing info during refresh. "On-the-fly" syntax checking information may be incorrect. [C:\Users\danie\Documents\GitHub\FPGA_UDEC_MCF\FPGA\FPGA2_measurement\nexysA7_driver_PM.srcs\sources_1\new\ID220.v:]
WARNING: [filemgmt 56-199] Attempt to get parsing info during refresh. "On-the-fly" syntax checking information may be incorrect. [C:\Users\danie\Documents\GitHub\FPGA_UDEC_MCF\FPGA\FPGA2_measurement\nexysA7_driver_PM.srcs\sources_1\imports\srcs\control_parametros.v:]
WARNING: [filemgmt 56-199] Attempt to get parsing info during refresh. "On-the-fly" syntax checking information may be incorrect. [C:\Users\danie\Documents\GitHub\FPGA_UDEC_MCF\FPGA\FPGA2_measurement\nexysA7_driver_PM.srcs\sources_1\new\PreProc_Cs_ID220.v:]
WARNING: [filemgmt 56-199] Attempt to get parsing info during refresh. "On-the-fly" syntax checking information may be incorrect. [C:\Users\danie\Documents\GitHub\FPGA_UDEC_MCF\FPGA\FPGA2_measurement\nexysA7_driver_PM.srcs\sources_1\imports\srcs\control_Tx.v:]
WARNING: [filemgmt 56-199] Attempt to get parsing info during refresh. "On-the-fly" syntax checking information may be incorrect. [C:\Users\danie\Documents\GitHub\FPGA_UDEC_MCF\FPGA\FPGA2_measurement\nexysA7_driver_PM.srcs\sources_1\imports\srcs\tick_generator.v:]
WARNING: [filemgmt 56-199] Attempt to get parsing info during refresh. "On-the-fly" syntax checking information may be incorrect. [C:\Users\danie\Documents\GitHub\FPGA_UDEC_MCF\FPGA\FPGA2_measurement\nexysA7_driver_PM.srcs\sources_1\imports\new\controlPhase_Trigger.v:]
WARNING: [filemgmt 56-199] Attempt to get parsing info during refresh. "On-the-fly" syntax checking information may be incorrect. [C:\Users\danie\Documents\GitHub\FPGA_UDEC_MCF\FPGA\FPGA2_measurement\nexysA7_driver_PM.srcs\sources_1\imports\new\pulse_gen.v:]
WARNING: [filemgmt 56-199] Attempt to get parsing info during refresh. "On-the-fly" syntax checking information may be incorrect. [C:\Users\danie\Documents\GitHub\FPGA_UDEC_MCF\FPGA\FPGA2_measurement\nexysA7_driver_PM.srcs\sources_1\imports\srcs\dcode16to8.v:]
WARNING: [filemgmt 56-199] Attempt to get parsing info during refresh. "On-the-fly" syntax checking information may be incorrect. [C:\Users\danie\Documents\GitHub\FPGA_UDEC_MCF\FPGA\srcs\ID220.v:]
WARNING: [filemgmt 56-199] Attempt to get parsing info during refresh. "On-the-fly" syntax checking information may be incorrect. [C:\Users\danie\Documents\GitHub\FPGA_UDEC_MCF\FPGA\FPGA2_measurement\nexysA7_driver_PM.srcs\sources_1\imports\srcs\dcode32to8.v:]
export_ip_user_files -of_objects  [get_files C:/Users/danie/Documents/GitHub/FPGA_UDEC_MCF/FPGA/FPGA2_measurement/nexysA7_driver_PM.srcs/sources_1/imports/srcs/OneShoot.v] -no_script -reset -force -quiet
remove_files  C:/Users/danie/Documents/GitHub/FPGA_UDEC_MCF/FPGA/FPGA2_measurement/nexysA7_driver_PM.srcs/sources_1/imports/srcs/OneShoot.v
WARNING: [filemgmt 56-199] Attempt to get parsing info during refresh. "On-the-fly" syntax checking information may be incorrect. [C:\Users\danie\Documents\GitHub\FPGA_UDEC_MCF\FPGA\FPGA2_measurement\nexysA7_driver_PM.srcs\sources_1\imports\new\pmodDA2.v:]
WARNING: [filemgmt 56-199] Attempt to get parsing info during refresh. "On-the-fly" syntax checking information may be incorrect. [C:\Users\danie\Documents\GitHub\FPGA_UDEC_MCF\FPGA\FPGA2_measurement\nexysA7_driver_PM.srcs\sources_1\imports\srcs\modulo_Tx.v:]
WARNING: [filemgmt 56-199] Attempt to get parsing info during refresh. "On-the-fly" syntax checking information may be incorrect. [C:\Users\danie\Documents\GitHub\FPGA_UDEC_MCF\FPGA\FPGA2_measurement\nexysA7_driver_PM.srcs\sources_1\imports\new\PreProc_Cs.v:]
WARNING: [filemgmt 56-199] Attempt to get parsing info during refresh. "On-the-fly" syntax checking information may be incorrect. [C:\Users\danie\Documents\GitHub\FPGA_UDEC_MCF\FPGA\FPGA2_measurement\nexysA7_driver_PM.srcs\sources_1\new\SimpleOneShot_ID220.v:]
WARNING: [filemgmt 56-199] Attempt to get parsing info during refresh. "On-the-fly" syntax checking information may be incorrect. [C:\Users\danie\Documents\GitHub\FPGA_UDEC_MCF\FPGA\FPGA2_measurement\nexysA7_driver_PM.srcs\sources_1\imports\srcs\anti_bounces.v:]
WARNING: [filemgmt 56-199] Attempt to get parsing info during refresh. "On-the-fly" syntax checking information may be incorrect. [C:\Users\danie\Documents\GitHub\FPGA_UDEC_MCF\FPGA\FPGA2_measurement\nexysA7_driver_PM.srcs\sources_1\imports\new\DAC_control.v:]
WARNING: [filemgmt 56-199] Attempt to get parsing info during refresh. "On-the-fly" syntax checking information may be incorrect. [C:\Users\danie\Documents\GitHub\FPGA_UDEC_MCF\FPGA\FPGA2_measurement\nexysA7_driver_PM.srcs\sources_1\imports\new\SimpleOneShot.v:]
WARNING: [filemgmt 56-199] Attempt to get parsing info during refresh. "On-the-fly" syntax checking information may be incorrect. [C:\Users\danie\Documents\GitHub\FPGA_UDEC_MCF\FPGA\srcs\trigger_ADP_with_delay.v:]
WARNING: [filemgmt 56-199] Attempt to get parsing info during refresh. "On-the-fly" syntax checking information may be incorrect. [C:\Users\danie\Documents\GitHub\FPGA_UDEC_MCF\FPGA\FPGA2_measurement\nexysA7_driver_PM.srcs\sources_1\imports\new\AccCuentas.v:]
WARNING: [filemgmt 56-199] Attempt to get parsing info during refresh. "On-the-fly" syntax checking information may be incorrect. [C:\Users\danie\Documents\GitHub\FPGA_UDEC_MCF\FPGA\FPGA2_measurement\nexysA7_driver_PM.srcs\sources_1\imports\srcs\UART_Tx.v:]
WARNING: [filemgmt 56-199] Attempt to get parsing info during refresh. "On-the-fly" syntax checking information may be incorrect. [C:\Users\danie\Documents\GitHub\FPGA_UDEC_MCF\FPGA\FPGA2_measurement\nexysA7_driver_PM.srcs\sources_1\new\calibrateAmpV4.v:]
WARNING: [filemgmt 56-199] Attempt to get parsing info during refresh. "On-the-fly" syntax checking information may be incorrect. [C:\Users\danie\Documents\GitHub\FPGA_UDEC_MCF\FPGA\FPGA2_measurement\nexysA7_driver_PM.srcs\sources_1\imports\new\counter_ADP.v:]
WARNING: [filemgmt 56-199] Attempt to get parsing info during refresh. "On-the-fly" syntax checking information may be incorrect. [C:\Users\danie\Documents\GitHub\FPGA_UDEC_MCF\FPGA\FPGA2_measurement\nexysA7_driver_PM.srcs\sources_1\imports\srcs\UART_Rx.v:]
WARNING: [filemgmt 56-199] Attempt to get parsing info during refresh. "On-the-fly" syntax checking information may be incorrect. [C:\Users\danie\Documents\GitHub\FPGA_UDEC_MCF\FPGA\FPGA2_measurement\nexysA7_driver_PM.srcs\sources_1\new\UART_TX_control.v:]
WARNING: [filemgmt 56-199] Attempt to get parsing info during refresh. "On-the-fly" syntax checking information may be incorrect. [C:\Users\danie\Documents\GitHub\FPGA_UDEC_MCF\FPGA\FPGA2_measurement\nexysA7_driver_PM.srcs\sources_1\new\ID220.v:]
WARNING: [filemgmt 56-199] Attempt to get parsing info during refresh. "On-the-fly" syntax checking information may be incorrect. [C:\Users\danie\Documents\GitHub\FPGA_UDEC_MCF\FPGA\FPGA2_measurement\nexysA7_driver_PM.srcs\sources_1\imports\srcs\control_parametros.v:]
WARNING: [filemgmt 56-199] Attempt to get parsing info during refresh. "On-the-fly" syntax checking information may be incorrect. [C:\Users\danie\Documents\GitHub\FPGA_UDEC_MCF\FPGA\FPGA2_measurement\nexysA7_driver_PM.srcs\sources_1\new\PreProc_Cs_ID220.v:]
WARNING: [filemgmt 56-199] Attempt to get parsing info during refresh. "On-the-fly" syntax checking information may be incorrect. [C:\Users\danie\Documents\GitHub\FPGA_UDEC_MCF\FPGA\FPGA2_measurement\nexysA7_driver_PM.srcs\sources_1\imports\srcs\control_Tx.v:]
WARNING: [filemgmt 56-199] Attempt to get parsing info during refresh. "On-the-fly" syntax checking information may be incorrect. [C:\Users\danie\Documents\GitHub\FPGA_UDEC_MCF\FPGA\FPGA2_measurement\nexysA7_driver_PM.srcs\sources_1\imports\srcs\tick_generator.v:]
WARNING: [filemgmt 56-199] Attempt to get parsing info during refresh. "On-the-fly" syntax checking information may be incorrect. [C:\Users\danie\Documents\GitHub\FPGA_UDEC_MCF\FPGA\FPGA2_measurement\nexysA7_driver_PM.srcs\sources_1\imports\new\controlPhase_Trigger.v:]
WARNING: [filemgmt 56-199] Attempt to get parsing info during refresh. "On-the-fly" syntax checking information may be incorrect. [C:\Users\danie\Documents\GitHub\FPGA_UDEC_MCF\FPGA\FPGA2_measurement\nexysA7_driver_PM.srcs\sources_1\imports\new\pulse_gen.v:]
WARNING: [filemgmt 56-199] Attempt to get parsing info during refresh. "On-the-fly" syntax checking information may be incorrect. [C:\Users\danie\Documents\GitHub\FPGA_UDEC_MCF\FPGA\FPGA2_measurement\nexysA7_driver_PM.srcs\sources_1\imports\srcs\dcode16to8.v:]
WARNING: [filemgmt 56-199] Attempt to get parsing info during refresh. "On-the-fly" syntax checking information may be incorrect. [C:\Users\danie\Documents\GitHub\FPGA_UDEC_MCF\FPGA\srcs\ID220.v:]
WARNING: [filemgmt 56-199] Attempt to get parsing info during refresh. "On-the-fly" syntax checking information may be incorrect. [C:\Users\danie\Documents\GitHub\FPGA_UDEC_MCF\FPGA\FPGA2_measurement\nexysA7_driver_PM.srcs\sources_1\imports\srcs\dcode32to8.v:]
export_ip_user_files -of_objects  [get_files C:/Users/danie/Documents/GitHub/FPGA_UDEC_MCF/FPGA/FPGA2_measurement/nexysA7_driver_PM.srcs/sources_1/imports/new/top.v] -no_script -reset -force -quiet
remove_files  C:/Users/danie/Documents/GitHub/FPGA_UDEC_MCF/FPGA/FPGA2_measurement/nexysA7_driver_PM.srcs/sources_1/imports/new/top.v
WARNING: [filemgmt 56-199] Attempt to get parsing info during refresh. "On-the-fly" syntax checking information may be incorrect. [C:\Users\danie\Documents\GitHub\FPGA_UDEC_MCF\FPGA\FPGA2_measurement\nexysA7_driver_PM.srcs\sources_1\imports\new\pmodDA2.v:]
WARNING: [filemgmt 56-199] Attempt to get parsing info during refresh. "On-the-fly" syntax checking information may be incorrect. [C:\Users\danie\Documents\GitHub\FPGA_UDEC_MCF\FPGA\FPGA2_measurement\nexysA7_driver_PM.srcs\sources_1\imports\srcs\modulo_Tx.v:]
WARNING: [filemgmt 56-199] Attempt to get parsing info during refresh. "On-the-fly" syntax checking information may be incorrect. [C:\Users\danie\Documents\GitHub\FPGA_UDEC_MCF\FPGA\FPGA2_measurement\nexysA7_driver_PM.srcs\sources_1\imports\new\PreProc_Cs.v:]
WARNING: [filemgmt 56-199] Attempt to get parsing info during refresh. "On-the-fly" syntax checking information may be incorrect. [C:\Users\danie\Documents\GitHub\FPGA_UDEC_MCF\FPGA\FPGA2_measurement\nexysA7_driver_PM.srcs\sources_1\new\SimpleOneShot_ID220.v:]
WARNING: [filemgmt 56-199] Attempt to get parsing info during refresh. "On-the-fly" syntax checking information may be incorrect. [C:\Users\danie\Documents\GitHub\FPGA_UDEC_MCF\FPGA\FPGA2_measurement\nexysA7_driver_PM.srcs\sources_1\imports\srcs\anti_bounces.v:]
WARNING: [filemgmt 56-199] Attempt to get parsing info during refresh. "On-the-fly" syntax checking information may be incorrect. [C:\Users\danie\Documents\GitHub\FPGA_UDEC_MCF\FPGA\FPGA2_measurement\nexysA7_driver_PM.srcs\sources_1\imports\new\DAC_control.v:]
WARNING: [filemgmt 56-199] Attempt to get parsing info during refresh. "On-the-fly" syntax checking information may be incorrect. [C:\Users\danie\Documents\GitHub\FPGA_UDEC_MCF\FPGA\FPGA2_measurement\nexysA7_driver_PM.srcs\sources_1\imports\new\SimpleOneShot.v:]
WARNING: [filemgmt 56-199] Attempt to get parsing info during refresh. "On-the-fly" syntax checking information may be incorrect. [C:\Users\danie\Documents\GitHub\FPGA_UDEC_MCF\FPGA\srcs\trigger_ADP_with_delay.v:]
WARNING: [filemgmt 56-199] Attempt to get parsing info during refresh. "On-the-fly" syntax checking information may be incorrect. [C:\Users\danie\Documents\GitHub\FPGA_UDEC_MCF\FPGA\FPGA2_measurement\nexysA7_driver_PM.srcs\sources_1\imports\new\AccCuentas.v:]
WARNING: [filemgmt 56-199] Attempt to get parsing info during refresh. "On-the-fly" syntax checking information may be incorrect. [C:\Users\danie\Documents\GitHub\FPGA_UDEC_MCF\FPGA\FPGA2_measurement\nexysA7_driver_PM.srcs\sources_1\imports\srcs\UART_Tx.v:]
WARNING: [filemgmt 56-199] Attempt to get parsing info during refresh. "On-the-fly" syntax checking information may be incorrect. [C:\Users\danie\Documents\GitHub\FPGA_UDEC_MCF\FPGA\FPGA2_measurement\nexysA7_driver_PM.srcs\sources_1\new\calibrateAmpV4.v:]
WARNING: [filemgmt 56-199] Attempt to get parsing info during refresh. "On-the-fly" syntax checking information may be incorrect. [C:\Users\danie\Documents\GitHub\FPGA_UDEC_MCF\FPGA\FPGA2_measurement\nexysA7_driver_PM.srcs\sources_1\imports\new\counter_ADP.v:]
WARNING: [filemgmt 56-199] Attempt to get parsing info during refresh. "On-the-fly" syntax checking information may be incorrect. [C:\Users\danie\Documents\GitHub\FPGA_UDEC_MCF\FPGA\FPGA2_measurement\nexysA7_driver_PM.srcs\sources_1\imports\srcs\UART_Rx.v:]
WARNING: [filemgmt 56-199] Attempt to get parsing info during refresh. "On-the-fly" syntax checking information may be incorrect. [C:\Users\danie\Documents\GitHub\FPGA_UDEC_MCF\FPGA\FPGA2_measurement\nexysA7_driver_PM.srcs\sources_1\new\UART_TX_control.v:]
WARNING: [filemgmt 56-199] Attempt to get parsing info during refresh. "On-the-fly" syntax checking information may be incorrect. [C:\Users\danie\Documents\GitHub\FPGA_UDEC_MCF\FPGA\FPGA2_measurement\nexysA7_driver_PM.srcs\sources_1\new\ID220.v:]
WARNING: [filemgmt 56-199] Attempt to get parsing info during refresh. "On-the-fly" syntax checking information may be incorrect. [C:\Users\danie\Documents\GitHub\FPGA_UDEC_MCF\FPGA\FPGA2_measurement\nexysA7_driver_PM.srcs\sources_1\imports\srcs\control_parametros.v:]
WARNING: [filemgmt 56-199] Attempt to get parsing info during refresh. "On-the-fly" syntax checking information may be incorrect. [C:\Users\danie\Documents\GitHub\FPGA_UDEC_MCF\FPGA\FPGA2_measurement\nexysA7_driver_PM.srcs\sources_1\new\PreProc_Cs_ID220.v:]
WARNING: [filemgmt 56-199] Attempt to get parsing info during refresh. "On-the-fly" syntax checking information may be incorrect. [C:\Users\danie\Documents\GitHub\FPGA_UDEC_MCF\FPGA\FPGA2_measurement\nexysA7_driver_PM.srcs\sources_1\imports\srcs\control_Tx.v:]
WARNING: [filemgmt 56-199] Attempt to get parsing info during refresh. "On-the-fly" syntax checking information may be incorrect. [C:\Users\danie\Documents\GitHub\FPGA_UDEC_MCF\FPGA\FPGA2_measurement\nexysA7_driver_PM.srcs\sources_1\imports\srcs\tick_generator.v:]
WARNING: [filemgmt 56-199] Attempt to get parsing info during refresh. "On-the-fly" syntax checking information may be incorrect. [C:\Users\danie\Documents\GitHub\FPGA_UDEC_MCF\FPGA\FPGA2_measurement\nexysA7_driver_PM.srcs\sources_1\imports\new\controlPhase_Trigger.v:]
WARNING: [filemgmt 56-199] Attempt to get parsing info during refresh. "On-the-fly" syntax checking information may be incorrect. [C:\Users\danie\Documents\GitHub\FPGA_UDEC_MCF\FPGA\FPGA2_measurement\nexysA7_driver_PM.srcs\sources_1\imports\new\pulse_gen.v:]
WARNING: [filemgmt 56-199] Attempt to get parsing info during refresh. "On-the-fly" syntax checking information may be incorrect. [C:\Users\danie\Documents\GitHub\FPGA_UDEC_MCF\FPGA\FPGA2_measurement\nexysA7_driver_PM.srcs\sources_1\imports\srcs\dcode16to8.v:]
WARNING: [filemgmt 56-199] Attempt to get parsing info during refresh. "On-the-fly" syntax checking information may be incorrect. [C:\Users\danie\Documents\GitHub\FPGA_UDEC_MCF\FPGA\srcs\ID220.v:]
WARNING: [filemgmt 56-199] Attempt to get parsing info during refresh. "On-the-fly" syntax checking information may be incorrect. [C:\Users\danie\Documents\GitHub\FPGA_UDEC_MCF\FPGA\FPGA2_measurement\nexysA7_driver_PM.srcs\sources_1\imports\srcs\dcode32to8.v:]
export_ip_user_files -of_objects  [get_files C:/Users/danie/Documents/GitHub/FPGA_UDEC_MCF/FPGA/FPGA2_measurement/nexysA7_driver_PM.srcs/sources_1/imports/new/trigger_ADP_with_delay.v] -no_script -reset -force -quiet
remove_files  C:/Users/danie/Documents/GitHub/FPGA_UDEC_MCF/FPGA/FPGA2_measurement/nexysA7_driver_PM.srcs/sources_1/imports/new/trigger_ADP_with_delay.v
WARNING: [filemgmt 56-199] Attempt to get parsing info during refresh. "On-the-fly" syntax checking information may be incorrect. [C:\Users\danie\Documents\GitHub\FPGA_UDEC_MCF\FPGA\FPGA2_measurement\nexysA7_driver_PM.srcs\sources_1\imports\new\pmodDA2.v:]
WARNING: [filemgmt 56-199] Attempt to get parsing info during refresh. "On-the-fly" syntax checking information may be incorrect. [C:\Users\danie\Documents\GitHub\FPGA_UDEC_MCF\FPGA\FPGA2_measurement\nexysA7_driver_PM.srcs\sources_1\imports\srcs\modulo_Tx.v:]
WARNING: [filemgmt 56-199] Attempt to get parsing info during refresh. "On-the-fly" syntax checking information may be incorrect. [C:\Users\danie\Documents\GitHub\FPGA_UDEC_MCF\FPGA\FPGA2_measurement\nexysA7_driver_PM.srcs\sources_1\imports\new\PreProc_Cs.v:]
WARNING: [filemgmt 56-199] Attempt to get parsing info during refresh. "On-the-fly" syntax checking information may be incorrect. [C:\Users\danie\Documents\GitHub\FPGA_UDEC_MCF\FPGA\FPGA2_measurement\nexysA7_driver_PM.srcs\sources_1\new\SimpleOneShot_ID220.v:]
WARNING: [filemgmt 56-199] Attempt to get parsing info during refresh. "On-the-fly" syntax checking information may be incorrect. [C:\Users\danie\Documents\GitHub\FPGA_UDEC_MCF\FPGA\FPGA2_measurement\nexysA7_driver_PM.srcs\sources_1\imports\srcs\anti_bounces.v:]
WARNING: [filemgmt 56-199] Attempt to get parsing info during refresh. "On-the-fly" syntax checking information may be incorrect. [C:\Users\danie\Documents\GitHub\FPGA_UDEC_MCF\FPGA\FPGA2_measurement\nexysA7_driver_PM.srcs\sources_1\imports\new\DAC_control.v:]
WARNING: [filemgmt 56-199] Attempt to get parsing info during refresh. "On-the-fly" syntax checking information may be incorrect. [C:\Users\danie\Documents\GitHub\FPGA_UDEC_MCF\FPGA\FPGA2_measurement\nexysA7_driver_PM.srcs\sources_1\imports\new\SimpleOneShot.v:]
WARNING: [filemgmt 56-199] Attempt to get parsing info during refresh. "On-the-fly" syntax checking information may be incorrect. [C:\Users\danie\Documents\GitHub\FPGA_UDEC_MCF\FPGA\srcs\trigger_ADP_with_delay.v:]
WARNING: [filemgmt 56-199] Attempt to get parsing info during refresh. "On-the-fly" syntax checking information may be incorrect. [C:\Users\danie\Documents\GitHub\FPGA_UDEC_MCF\FPGA\FPGA2_measurement\nexysA7_driver_PM.srcs\sources_1\imports\new\AccCuentas.v:]
WARNING: [filemgmt 56-199] Attempt to get parsing info during refresh. "On-the-fly" syntax checking information may be incorrect. [C:\Users\danie\Documents\GitHub\FPGA_UDEC_MCF\FPGA\FPGA2_measurement\nexysA7_driver_PM.srcs\sources_1\imports\srcs\UART_Tx.v:]
WARNING: [filemgmt 56-199] Attempt to get parsing info during refresh. "On-the-fly" syntax checking information may be incorrect. [C:\Users\danie\Documents\GitHub\FPGA_UDEC_MCF\FPGA\FPGA2_measurement\nexysA7_driver_PM.srcs\sources_1\new\calibrateAmpV4.v:]
WARNING: [filemgmt 56-199] Attempt to get parsing info during refresh. "On-the-fly" syntax checking information may be incorrect. [C:\Users\danie\Documents\GitHub\FPGA_UDEC_MCF\FPGA\FPGA2_measurement\nexysA7_driver_PM.srcs\sources_1\imports\new\counter_ADP.v:]
WARNING: [filemgmt 56-199] Attempt to get parsing info during refresh. "On-the-fly" syntax checking information may be incorrect. [C:\Users\danie\Documents\GitHub\FPGA_UDEC_MCF\FPGA\FPGA2_measurement\nexysA7_driver_PM.srcs\sources_1\imports\srcs\UART_Rx.v:]
WARNING: [filemgmt 56-199] Attempt to get parsing info during refresh. "On-the-fly" syntax checking information may be incorrect. [C:\Users\danie\Documents\GitHub\FPGA_UDEC_MCF\FPGA\FPGA2_measurement\nexysA7_driver_PM.srcs\sources_1\new\UART_TX_control.v:]
WARNING: [filemgmt 56-199] Attempt to get parsing info during refresh. "On-the-fly" syntax checking information may be incorrect. [C:\Users\danie\Documents\GitHub\FPGA_UDEC_MCF\FPGA\FPGA2_measurement\nexysA7_driver_PM.srcs\sources_1\new\ID220.v:]
WARNING: [filemgmt 56-199] Attempt to get parsing info during refresh. "On-the-fly" syntax checking information may be incorrect. [C:\Users\danie\Documents\GitHub\FPGA_UDEC_MCF\FPGA\FPGA2_measurement\nexysA7_driver_PM.srcs\sources_1\imports\srcs\control_parametros.v:]
WARNING: [filemgmt 56-199] Attempt to get parsing info during refresh. "On-the-fly" syntax checking information may be incorrect. [C:\Users\danie\Documents\GitHub\FPGA_UDEC_MCF\FPGA\FPGA2_measurement\nexysA7_driver_PM.srcs\sources_1\new\PreProc_Cs_ID220.v:]
WARNING: [filemgmt 56-199] Attempt to get parsing info during refresh. "On-the-fly" syntax checking information may be incorrect. [C:\Users\danie\Documents\GitHub\FPGA_UDEC_MCF\FPGA\FPGA2_measurement\nexysA7_driver_PM.srcs\sources_1\imports\srcs\control_Tx.v:]
WARNING: [filemgmt 56-199] Attempt to get parsing info during refresh. "On-the-fly" syntax checking information may be incorrect. [C:\Users\danie\Documents\GitHub\FPGA_UDEC_MCF\FPGA\FPGA2_measurement\nexysA7_driver_PM.srcs\sources_1\imports\srcs\tick_generator.v:]
WARNING: [filemgmt 56-199] Attempt to get parsing info during refresh. "On-the-fly" syntax checking information may be incorrect. [C:\Users\danie\Documents\GitHub\FPGA_UDEC_MCF\FPGA\FPGA2_measurement\nexysA7_driver_PM.srcs\sources_1\imports\new\controlPhase_Trigger.v:]
WARNING: [filemgmt 56-199] Attempt to get parsing info during refresh. "On-the-fly" syntax checking information may be incorrect. [C:\Users\danie\Documents\GitHub\FPGA_UDEC_MCF\FPGA\FPGA2_measurement\nexysA7_driver_PM.srcs\sources_1\imports\new\pulse_gen.v:]
WARNING: [filemgmt 56-199] Attempt to get parsing info during refresh. "On-the-fly" syntax checking information may be incorrect. [C:\Users\danie\Documents\GitHub\FPGA_UDEC_MCF\FPGA\FPGA2_measurement\nexysA7_driver_PM.srcs\sources_1\imports\srcs\dcode16to8.v:]
WARNING: [filemgmt 56-199] Attempt to get parsing info during refresh. "On-the-fly" syntax checking information may be incorrect. [C:\Users\danie\Documents\GitHub\FPGA_UDEC_MCF\FPGA\srcs\ID220.v:]
WARNING: [filemgmt 56-199] Attempt to get parsing info during refresh. "On-the-fly" syntax checking information may be incorrect. [C:\Users\danie\Documents\GitHub\FPGA_UDEC_MCF\FPGA\FPGA2_measurement\nexysA7_driver_PM.srcs\sources_1\imports\srcs\dcode32to8.v:]
add_files -fileset constrs_1 -norecurse C:/Users/danie/Documents/GitHub/FPGA_UDEC_MCF/FPGA/srcs/Nexys-A7-100T-Master.xdc
WARNING: [filemgmt 56-199] Attempt to get parsing info during refresh. "On-the-fly" syntax checking information may be incorrect. [C:\Users\danie\Documents\GitHub\FPGA_UDEC_MCF\FPGA\FPGA2_measurement\nexysA7_driver_PM.srcs\sources_1\imports\new\pmodDA2.v:]
WARNING: [filemgmt 56-199] Attempt to get parsing info during refresh. "On-the-fly" syntax checking information may be incorrect. [C:\Users\danie\Documents\GitHub\FPGA_UDEC_MCF\FPGA\FPGA2_measurement\nexysA7_driver_PM.srcs\sources_1\imports\srcs\modulo_Tx.v:]
WARNING: [filemgmt 56-199] Attempt to get parsing info during refresh. "On-the-fly" syntax checking information may be incorrect. [C:\Users\danie\Documents\GitHub\FPGA_UDEC_MCF\FPGA\FPGA2_measurement\nexysA7_driver_PM.srcs\sources_1\imports\new\PreProc_Cs.v:]
WARNING: [filemgmt 56-199] Attempt to get parsing info during refresh. "On-the-fly" syntax checking information may be incorrect. [C:\Users\danie\Documents\GitHub\FPGA_UDEC_MCF\FPGA\FPGA2_measurement\nexysA7_driver_PM.srcs\sources_1\new\SimpleOneShot_ID220.v:]
WARNING: [filemgmt 56-199] Attempt to get parsing info during refresh. "On-the-fly" syntax checking information may be incorrect. [C:\Users\danie\Documents\GitHub\FPGA_UDEC_MCF\FPGA\FPGA2_measurement\nexysA7_driver_PM.srcs\sources_1\imports\srcs\anti_bounces.v:]
WARNING: [filemgmt 56-199] Attempt to get parsing info during refresh. "On-the-fly" syntax checking information may be incorrect. [C:\Users\danie\Documents\GitHub\FPGA_UDEC_MCF\FPGA\FPGA2_measurement\nexysA7_driver_PM.srcs\sources_1\imports\new\DAC_control.v:]
WARNING: [filemgmt 56-199] Attempt to get parsing info during refresh. "On-the-fly" syntax checking information may be incorrect. [C:\Users\danie\Documents\GitHub\FPGA_UDEC_MCF\FPGA\FPGA2_measurement\nexysA7_driver_PM.srcs\sources_1\imports\new\SimpleOneShot.v:]
WARNING: [filemgmt 56-199] Attempt to get parsing info during refresh. "On-the-fly" syntax checking information may be incorrect. [C:\Users\danie\Documents\GitHub\FPGA_UDEC_MCF\FPGA\srcs\trigger_ADP_with_delay.v:]
WARNING: [filemgmt 56-199] Attempt to get parsing info during refresh. "On-the-fly" syntax checking information may be incorrect. [C:\Users\danie\Documents\GitHub\FPGA_UDEC_MCF\FPGA\FPGA2_measurement\nexysA7_driver_PM.srcs\sources_1\imports\new\AccCuentas.v:]
WARNING: [filemgmt 56-199] Attempt to get parsing info during refresh. "On-the-fly" syntax checking information may be incorrect. [C:\Users\danie\Documents\GitHub\FPGA_UDEC_MCF\FPGA\FPGA2_measurement\nexysA7_driver_PM.srcs\sources_1\imports\srcs\UART_Tx.v:]
WARNING: [filemgmt 56-199] Attempt to get parsing info during refresh. "On-the-fly" syntax checking information may be incorrect. [C:\Users\danie\Documents\GitHub\FPGA_UDEC_MCF\FPGA\FPGA2_measurement\nexysA7_driver_PM.srcs\sources_1\new\calibrateAmpV4.v:]
WARNING: [filemgmt 56-199] Attempt to get parsing info during refresh. "On-the-fly" syntax checking information may be incorrect. [C:\Users\danie\Documents\GitHub\FPGA_UDEC_MCF\FPGA\FPGA2_measurement\nexysA7_driver_PM.srcs\sources_1\imports\new\counter_ADP.v:]
WARNING: [filemgmt 56-199] Attempt to get parsing info during refresh. "On-the-fly" syntax checking information may be incorrect. [C:\Users\danie\Documents\GitHub\FPGA_UDEC_MCF\FPGA\FPGA2_measurement\nexysA7_driver_PM.srcs\sources_1\imports\srcs\UART_Rx.v:]
WARNING: [filemgmt 56-199] Attempt to get parsing info during refresh. "On-the-fly" syntax checking information may be incorrect. [C:\Users\danie\Documents\GitHub\FPGA_UDEC_MCF\FPGA\FPGA2_measurement\nexysA7_driver_PM.srcs\sources_1\new\UART_TX_control.v:]
WARNING: [filemgmt 56-199] Attempt to get parsing info during refresh. "On-the-fly" syntax checking information may be incorrect. [C:\Users\danie\Documents\GitHub\FPGA_UDEC_MCF\FPGA\FPGA2_measurement\nexysA7_driver_PM.srcs\sources_1\new\ID220.v:]
WARNING: [filemgmt 56-199] Attempt to get parsing info during refresh. "On-the-fly" syntax checking information may be incorrect. [C:\Users\danie\Documents\GitHub\FPGA_UDEC_MCF\FPGA\FPGA2_measurement\nexysA7_driver_PM.srcs\sources_1\imports\srcs\control_parametros.v:]
WARNING: [filemgmt 56-199] Attempt to get parsing info during refresh. "On-the-fly" syntax checking information may be incorrect. [C:\Users\danie\Documents\GitHub\FPGA_UDEC_MCF\FPGA\FPGA2_measurement\nexysA7_driver_PM.srcs\sources_1\new\PreProc_Cs_ID220.v:]
WARNING: [filemgmt 56-199] Attempt to get parsing info during refresh. "On-the-fly" syntax checking information may be incorrect. [C:\Users\danie\Documents\GitHub\FPGA_UDEC_MCF\FPGA\FPGA2_measurement\nexysA7_driver_PM.srcs\sources_1\imports\srcs\control_Tx.v:]
WARNING: [filemgmt 56-199] Attempt to get parsing info during refresh. "On-the-fly" syntax checking information may be incorrect. [C:\Users\danie\Documents\GitHub\FPGA_UDEC_MCF\FPGA\FPGA2_measurement\nexysA7_driver_PM.srcs\sources_1\imports\srcs\tick_generator.v:]
WARNING: [filemgmt 56-199] Attempt to get parsing info during refresh. "On-the-fly" syntax checking information may be incorrect. [C:\Users\danie\Documents\GitHub\FPGA_UDEC_MCF\FPGA\FPGA2_measurement\nexysA7_driver_PM.srcs\sources_1\imports\new\controlPhase_Trigger.v:]
WARNING: [filemgmt 56-199] Attempt to get parsing info during refresh. "On-the-fly" syntax checking information may be incorrect. [C:\Users\danie\Documents\GitHub\FPGA_UDEC_MCF\FPGA\FPGA2_measurement\nexysA7_driver_PM.srcs\sources_1\imports\new\pulse_gen.v:]
WARNING: [filemgmt 56-199] Attempt to get parsing info during refresh. "On-the-fly" syntax checking information may be incorrect. [C:\Users\danie\Documents\GitHub\FPGA_UDEC_MCF\FPGA\FPGA2_measurement\nexysA7_driver_PM.srcs\sources_1\imports\srcs\dcode16to8.v:]
WARNING: [filemgmt 56-199] Attempt to get parsing info during refresh. "On-the-fly" syntax checking information may be incorrect. [C:\Users\danie\Documents\GitHub\FPGA_UDEC_MCF\FPGA\srcs\ID220.v:]
WARNING: [filemgmt 56-199] Attempt to get parsing info during refresh. "On-the-fly" syntax checking information may be incorrect. [C:\Users\danie\Documents\GitHub\FPGA_UDEC_MCF\FPGA\FPGA2_measurement\nexysA7_driver_PM.srcs\sources_1\imports\srcs\dcode32to8.v:]
WARNING: [filemgmt 56-199] Attempt to get parsing info during refresh. "On-the-fly" syntax checking information may be incorrect. [C:\Users\danie\Documents\GitHub\FPGA_UDEC_MCF\FPGA\srcs\controlPhase_Trigger.v:]
WARNING: [filemgmt 56-199] Attempt to get parsing info during refresh. "On-the-fly" syntax checking information may be incorrect. [C:\Users\danie\Documents\GitHub\FPGA_UDEC_MCF\FPGA\FPGA2_measurement\nexysA7_driver_PM.srcs\sources_1\imports\new\pmodDA2.v:]
WARNING: [filemgmt 56-199] Attempt to get parsing info during refresh. "On-the-fly" syntax checking information may be incorrect. [C:\Users\danie\Documents\GitHub\FPGA_UDEC_MCF\FPGA\FPGA2_measurement\nexysA7_driver_PM.srcs\sources_1\imports\srcs\modulo_Tx.v:]
WARNING: [filemgmt 56-199] Attempt to get parsing info during refresh. "On-the-fly" syntax checking information may be incorrect. [C:\Users\danie\Documents\GitHub\FPGA_UDEC_MCF\FPGA\FPGA2_measurement\nexysA7_driver_PM.srcs\sources_1\imports\new\PreProc_Cs.v:]
WARNING: [filemgmt 56-199] Attempt to get parsing info during refresh. "On-the-fly" syntax checking information may be incorrect. [C:\Users\danie\Documents\GitHub\FPGA_UDEC_MCF\FPGA\FPGA2_measurement\nexysA7_driver_PM.srcs\sources_1\new\SimpleOneShot_ID220.v:]
WARNING: [filemgmt 56-199] Attempt to get parsing info during refresh. "On-the-fly" syntax checking information may be incorrect. [C:\Users\danie\Documents\GitHub\FPGA_UDEC_MCF\FPGA\FPGA2_measurement\nexysA7_driver_PM.srcs\sources_1\imports\srcs\anti_bounces.v:]
WARNING: [filemgmt 56-199] Attempt to get parsing info during refresh. "On-the-fly" syntax checking information may be incorrect. [C:\Users\danie\Documents\GitHub\FPGA_UDEC_MCF\FPGA\FPGA2_measurement\nexysA7_driver_PM.srcs\sources_1\imports\new\DAC_control.v:]
WARNING: [filemgmt 56-199] Attempt to get parsing info during refresh. "On-the-fly" syntax checking information may be incorrect. [C:\Users\danie\Documents\GitHub\FPGA_UDEC_MCF\FPGA\FPGA2_measurement\nexysA7_driver_PM.srcs\sources_1\imports\new\SimpleOneShot.v:]
WARNING: [filemgmt 56-199] Attempt to get parsing info during refresh. "On-the-fly" syntax checking information may be incorrect. [C:\Users\danie\Documents\GitHub\FPGA_UDEC_MCF\FPGA\FPGA2_measurement\nexysA7_driver_PM.srcs\sources_1\imports\new\AccCuentas.v:]
WARNING: [filemgmt 56-199] Attempt to get parsing info during refresh. "On-the-fly" syntax checking information may be incorrect. [C:\Users\danie\Documents\GitHub\FPGA_UDEC_MCF\FPGA\FPGA2_measurement\nexysA7_driver_PM.srcs\sources_1\imports\srcs\UART_Tx.v:]
WARNING: [filemgmt 56-199] Attempt to get parsing info during refresh. "On-the-fly" syntax checking information may be incorrect. [C:\Users\danie\Documents\GitHub\FPGA_UDEC_MCF\FPGA\FPGA2_measurement\nexysA7_driver_PM.srcs\sources_1\new\calibrateAmpV4.v:]
WARNING: [filemgmt 56-199] Attempt to get parsing info during refresh. "On-the-fly" syntax checking information may be incorrect. [C:\Users\danie\Documents\GitHub\FPGA_UDEC_MCF\FPGA\FPGA2_measurement\nexysA7_driver_PM.srcs\sources_1\imports\new\counter_ADP.v:]
WARNING: [filemgmt 56-199] Attempt to get parsing info during refresh. "On-the-fly" syntax checking information may be incorrect. [C:\Users\danie\Documents\GitHub\FPGA_UDEC_MCF\FPGA\FPGA2_measurement\nexysA7_driver_PM.srcs\sources_1\imports\srcs\UART_Rx.v:]
WARNING: [filemgmt 56-199] Attempt to get parsing info during refresh. "On-the-fly" syntax checking information may be incorrect. [C:\Users\danie\Documents\GitHub\FPGA_UDEC_MCF\FPGA\FPGA2_measurement\nexysA7_driver_PM.srcs\sources_1\new\UART_TX_control.v:]
WARNING: [filemgmt 56-199] Attempt to get parsing info during refresh. "On-the-fly" syntax checking information may be incorrect. [C:\Users\danie\Documents\GitHub\FPGA_UDEC_MCF\FPGA\FPGA2_measurement\nexysA7_driver_PM.srcs\sources_1\new\ID220.v:]
WARNING: [filemgmt 56-199] Attempt to get parsing info during refresh. "On-the-fly" syntax checking information may be incorrect. [C:\Users\danie\Documents\GitHub\FPGA_UDEC_MCF\FPGA\FPGA2_measurement\nexysA7_driver_PM.srcs\sources_1\imports\srcs\control_parametros.v:]
WARNING: [filemgmt 56-199] Attempt to get parsing info during refresh. "On-the-fly" syntax checking information may be incorrect. [C:\Users\danie\Documents\GitHub\FPGA_UDEC_MCF\FPGA\FPGA2_measurement\nexysA7_driver_PM.srcs\sources_1\new\PreProc_Cs_ID220.v:]
WARNING: [filemgmt 56-199] Attempt to get parsing info during refresh. "On-the-fly" syntax checking information may be incorrect. [C:\Users\danie\Documents\GitHub\FPGA_UDEC_MCF\FPGA\FPGA2_measurement\nexysA7_driver_PM.srcs\sources_1\imports\srcs\control_Tx.v:]
WARNING: [filemgmt 56-199] Attempt to get parsing info during refresh. "On-the-fly" syntax checking information may be incorrect. [C:\Users\danie\Documents\GitHub\FPGA_UDEC_MCF\FPGA\FPGA2_measurement\nexysA7_driver_PM.srcs\sources_1\imports\srcs\tick_generator.v:]
WARNING: [filemgmt 56-199] Attempt to get parsing info during refresh. "On-the-fly" syntax checking information may be incorrect. [C:\Users\danie\Documents\GitHub\FPGA_UDEC_MCF\FPGA\FPGA2_measurement\nexysA7_driver_PM.srcs\sources_1\imports\new\controlPhase_Trigger.v:]
WARNING: [filemgmt 56-199] Attempt to get parsing info during refresh. "On-the-fly" syntax checking information may be incorrect. [C:\Users\danie\Documents\GitHub\FPGA_UDEC_MCF\FPGA\srcs\top.v:]
WARNING: [filemgmt 56-199] Attempt to get parsing info during refresh. "On-the-fly" syntax checking information may be incorrect. [C:\Users\danie\Documents\GitHub\FPGA_UDEC_MCF\FPGA\FPGA2_measurement\nexysA7_driver_PM.srcs\sources_1\imports\new\pulse_gen.v:]
WARNING: [filemgmt 56-199] Attempt to get parsing info during refresh. "On-the-fly" syntax checking information may be incorrect. [C:\Users\danie\Documents\GitHub\FPGA_UDEC_MCF\FPGA\FPGA2_measurement\nexysA7_driver_PM.srcs\sources_1\imports\srcs\dcode16to8.v:]
WARNING: [filemgmt 56-199] Attempt to get parsing info during refresh. "On-the-fly" syntax checking information may be incorrect. [C:\Users\danie\Documents\GitHub\FPGA_UDEC_MCF\FPGA\FPGA2_measurement\nexysA7_driver_PM.srcs\sources_1\imports\srcs\dcode32to8.v:]
reset_run synth_1
launch_runs impl_1 -to_step write_bitstream -jobs 6
[Tue Jul 23 01:13:13 2024] Launched synth_1...
Run output will be captured here: C:/Users/danie/Documents/GitHub/FPGA_UDEC_MCF/FPGA/FPGA2_measurement/nexysA7_driver_PM.runs/synth_1/runme.log
[Tue Jul 23 01:13:14 2024] Launched impl_1...
Run output will be captured here: C:/Users/danie/Documents/GitHub/FPGA_UDEC_MCF/FPGA/FPGA2_measurement/nexysA7_driver_PM.runs/impl_1/runme.log
reset_run impl_1
reset_run synth_1
launch_runs impl_1 -to_step write_bitstream -jobs 6
[Tue Jul 23 01:16:10 2024] Launched synth_1...
Run output will be captured here: C:/Users/danie/Documents/GitHub/FPGA_UDEC_MCF/FPGA/FPGA2_measurement/nexysA7_driver_PM.runs/synth_1/runme.log
[Tue Jul 23 01:16:10 2024] Launched impl_1...
Run output will be captured here: C:/Users/danie/Documents/GitHub/FPGA_UDEC_MCF/FPGA/FPGA2_measurement/nexysA7_driver_PM.runs/impl_1/runme.log
exit
INFO: [Common 17-206] Exiting Vivado at Tue Jul 23 01:18:50 2024...
